This is pdfTeX, Version 3.14159265-2.6-1.40.18 (TeX Live 2017) (preloaded format=pdflatex 2017.6.19)  21 AUG 2017 17:27
entering extended mode
 restricted \write18 enabled.
 file:line:error style messages enabled.
 %&-line parsing enabled.
**knight.tex
(./knight.tex
LaTeX2e <2017-04-15>
Babel <3.10> and hyphenation patterns for 84 language(s) loaded.
./knight.tex:69: Undefined control sequence.
l.69 \chapquote
               {``My project is 90\% done. I hope the second half goes as we...

? 
./knight.tex:69: Emergency stop.
l.69 \chapquote
               {``My project is 90\% done. I hope the second half goes as we...
End of file on the terminal!

 
Here is how much of TeX's memory you used:
 7 strings out of 492995
 138 string characters out of 6132704
 54074 words of memory out of 5000000
 3660 multiletter control sequences out of 15000+600000
 3640 words of font info for 14 fonts, out of 8000000 for 9000
 1141 hyphenation exceptions out of 8191
 5i,0n,1p,748b,8s stack positions out of 5000i,500n,10000p,200000b,80000s
./knight.tex:69:  ==> Fatal error occurred, no output PDF file produced!
